<?xml version="1.0" encoding="UTF-8"?>
<testsuite name="com.aniruddha.kudalkar.kotlinbasics.ExampleUnitTest" tests="1" skipped="0" failures="0" errors="0" timestamp="2021-09-27T11:50:26" hostname="aniruddha" time="0.005">
  <properties/>
  <testcase name="addition_isCorrect" classname="com.aniruddha.kudalkar.kotlinbasics.ExampleUnitTest" time="0.005"/>
  <system-out><![CDATA[]]></system-out>
  <system-err><![CDATA[]]></system-err>
</testsuite>
